Installing libsecret-tools for keyring support...
Reading package lists...
Building dependency tree...
Reading state information...
You might want to run 'apt --fix-broken install' to correct these.
The following packages have unmet dependencies:
 node-acorn : Depends: node-xtend but it is not going to be installed
 node-undici : Depends: node-busboy but it is not going to be installed
 npm : Depends: node-abbrev but it is not going to be installed
       Depends: node-agent-base but it is not going to be installed
       Depends: node-aproba but it is not going to be installed
       Depends: node-archy but it is not going to be installed
       Depends: node-base64-js but it is not going to be installed
       Depends: node-binary-extensions but it is not going to be installed
       Depends: node-cacache (>= 17) but it is not going to be installed
       Depends: node-chalk (>= 5.1.2-2~) but it is not going to be installed
       Depends: node-chownr but it is not going to be installed
       Depends: node-ci-info but it is not going to be installed
       Depends: node-cli-table3
       Depends: node-colors but it is not going to be installed
       Depends: node-columnify but it is not going to be installed
       Depends: node-cssesc
       Depends: node-debug but it is not going to be installed
       Depends: node-depd but it is not going to be installed
       Depends: node-diff but it is not going to be installed
       Depends: node-emoji-regex
       Depends: node-encoding but it is not going to be installed
       Depends: node-events but it is not going to be installed
       Depends: node-glob but it is not going to be installed
       Depends: node-got but it is not going to be installed
       Depends: node-graceful-fs but it is not going to be installed
       Depends: node-gyp but it is not going to be installed
       Depends: node-hosted-git-info (>= 6) but it is not going to be installed
       Depends: node-http-proxy-agent but it is not going to be installed
       Depends: node-https-proxy-agent but it is not going to be installed
       Depends: node-ieee754 but it is not going to be installed
       Depends: node-ini but it is not going to be installed
       Depends: node-ip but it is not going to be installed
       Depends: node-ip-regex but it is not going to be installed
       Depends: node-json-parse-better-errors but it is not going to be installed
       Depends: node-jsonparse but it is not going to be installed
       Depends: node-lru-cache but it is not going to be installed
       Depends: node-minimatch but it is not going to be installed
       Depends: node-minipass but it is not going to be installed
       Depends: node-mkdirp but it is not going to be installed
       Depends: node-ms but it is not going to be installed
       Depends: node-negotiator but it is not going to be installed
       Depends: node-nopt but it is not going to be installed
       Depends: node-normalize-package-data but it is not going to be installed
       Depends: node-npm-bundled but it is not going to be installed
       Depends: node-npm-normalize-package-bin
       Depends: node-npm-package-arg (>= 10) but it is not going to be installed
       Depends: node-npmlog but it is not going to be installed
       Depends: node-once but it is not going to be installed
       Depends: node-p-map but it is not going to be installed
       Depends: node-postcss-selector-parser
       Depends: node-promise-retry but it is not going to be installed
       Depends: node-promzard but it is not going to be installed
       Depends: node-read but it is not going to be installed
       Depends: node-read-package-json but it is not going to be installed
       Depends: node-rimraf but it is not going to be installed
       Depends: node-semver but it is not going to be installed
       Depends: node-ssri but it is not going to be installed
       Depends: node-string-width but it is not going to be installed
       Depends: node-strip-ansi but it is not going to be installed
       Depends: node-tar but it is not going to be installed
       Depends: node-text-table but it is not going to be installed
       Depends: node-validate-npm-package-license but it is not going to be installed
       Depends: node-validate-npm-package-name but it is not going to be installed
       Depends: node-which but it is not going to be installed
       Depends: node-wrappy but it is not going to be installed
       Depends: node-write-file-atomic but it is not going to be installed
       Depends: node-yallist but it is not going to be installed
       Recommends: node-tap but it is not going to be installed
E: Unmet dependencies. Try 'apt --fix-broken install' with no packages (or specify a solution).
VSCodium extensions linked to persistent storage
